2024-08-01 15:52:29,346 INFO [com.pbs.tech.RootMain:55] Starting RootMain on Logic-Focus.local with PID 42848 (/Users/helloabc/ilensLatest/build/classes/java/main started by helloabc in /Users/helloabc/ilensLatest)
2024-08-01 15:52:29,353 INFO [com.pbs.tech.RootMain:651] No active profile set, falling back to default profiles: default
2024-08-01 15:52:29,538 INFO [org.springframework.boot.devtools.restart.ChangeableUrls:225] The Class-Path manifest attribute in /Users/helloabc/.gradle/caches/modules-2/files-2.1/io.grpc/grpc-netty-shaded/1.39.0/de29a0879a702fc527e3dd8c9af2f4f92b5a7738/grpc-netty-shaded-1.39.0.jar referenced one or more files that do not exist: file:/Users/helloabc/.gradle/caches/modules-2/files-2.1/io.grpc/grpc-netty-shaded/1.39.0/de29a0879a702fc527e3dd8c9af2f4f92b5a7738/grpc-core-1.39.0.jar,file:/Users/helloabc/.gradle/caches/modules-2/files-2.1/io.grpc/grpc-netty-shaded/1.39.0/de29a0879a702fc527e3dd8c9af2f4f92b5a7738/grpc-api-1.39.0.jar,file:/Users/helloabc/.gradle/caches/modules-2/files-2.1/io.grpc/grpc-netty-shaded/1.39.0/de29a0879a702fc527e3dd8c9af2f4f92b5a7738/guava-30.1-android.jar,file:/Users/helloabc/.gradle/caches/modules-2/files-2.1/io.grpc/grpc-netty-shaded/1.39.0/de29a0879a702fc527e3dd8c9af2f4f92b5a7738/error_prone_annotations-2.4.0.jar,file:/Users/helloabc/.gradle/caches/modules-2/files-2.1/io.grpc/grpc-netty-shaded/1.39.0/de29a0879a702fc527e3dd8c9af2f4f92b5a7738/perfmark-api-0.23.0.jar,file:/Users/helloabc/.gradle/caches/modules-2/files-2.1/io.grpc/grpc-netty-shaded/1.39.0/de29a0879a702fc527e3dd8c9af2f4f92b5a7738/failureaccess-1.0.1.jar,file:/Users/helloabc/.gradle/caches/modules-2/files-2.1/io.grpc/grpc-netty-shaded/1.39.0/de29a0879a702fc527e3dd8c9af2f4f92b5a7738/listenablefuture-9999.0-empty-to-avoid-conflict-with-guava.jar,file:/Users/helloabc/.gradle/caches/modules-2/files-2.1/io.grpc/grpc-netty-shaded/1.39.0/de29a0879a702fc527e3dd8c9af2f4f92b5a7738/jsr305-3.0.2.jar,file:/Users/helloabc/.gradle/caches/modules-2/files-2.1/io.grpc/grpc-netty-shaded/1.39.0/de29a0879a702fc527e3dd8c9af2f4f92b5a7738/checker-compat-qual-2.5.5.jar,file:/Users/helloabc/.gradle/caches/modules-2/files-2.1/io.grpc/grpc-netty-shaded/1.39.0/de29a0879a702fc527e3dd8c9af2f4f92b5a7738/j2objc-annotations-1.3.jar,file:/Users/helloabc/.gradle/caches/modules-2/files-2.1/io.grpc/grpc-netty-shaded/1.39.0/de29a0879a702fc527e3dd8c9af2f4f92b5a7738/gson-2.8.6.jar,file:/Users/helloabc/.gradle/caches/modules-2/files-2.1/io.grpc/grpc-netty-shaded/1.39.0/de29a0879a702fc527e3dd8c9af2f4f92b5a7738/annotations-4.1.1.4.jar,file:/Users/helloabc/.gradle/caches/modules-2/files-2.1/io.grpc/grpc-netty-shaded/1.39.0/de29a0879a702fc527e3dd8c9af2f4f92b5a7738/animal-sniffer-annotations-1.19.jar,file:/Users/helloabc/.gradle/caches/modules-2/files-2.1/io.grpc/grpc-netty-shaded/1.39.0/de29a0879a702fc527e3dd8c9af2f4f92b5a7738/grpc-context-1.39.0.jar
2024-08-01 15:52:29,538 INFO [org.springframework.boot.devtools.restart.ChangeableUrls:225] The Class-Path manifest attribute in /Users/helloabc/.gradle/caches/modules-2/files-2.1/io.grpc/grpc-alts/1.39.0/7cfb9a940b68812e5449f867e27728668130bedb/grpc-alts-1.39.0.jar referenced one or more files that do not exist: file:/Users/helloabc/.gradle/caches/modules-2/files-2.1/io.grpc/grpc-alts/1.39.0/7cfb9a940b68812e5449f867e27728668130bedb/grpc-auth-1.39.0.jar,file:/Users/helloabc/.gradle/caches/modules-2/files-2.1/io.grpc/grpc-alts/1.39.0/7cfb9a940b68812e5449f867e27728668130bedb/grpc-grpclb-1.39.0.jar,file:/Users/helloabc/.gradle/caches/modules-2/files-2.1/io.grpc/grpc-alts/1.39.0/7cfb9a940b68812e5449f867e27728668130bedb/grpc-protobuf-1.39.0.jar,file:/Users/helloabc/.gradle/caches/modules-2/files-2.1/io.grpc/grpc-alts/1.39.0/7cfb9a940b68812e5449f867e27728668130bedb/grpc-stub-1.39.0.jar,file:/Users/helloabc/.gradle/caches/modules-2/files-2.1/io.grpc/grpc-alts/1.39.0/7cfb9a940b68812e5449f867e27728668130bedb/protobuf-java-util-3.17.2.jar,file:/Users/helloabc/.gradle/caches/modules-2/files-2.1/io.grpc/grpc-alts/1.39.0/7cfb9a940b68812e5449f867e27728668130bedb/proto-google-common-protos-2.0.1.jar,file:/Users/helloabc/.gradle/caches/modules-2/files-2.1/io.grpc/grpc-alts/1.39.0/7cfb9a940b68812e5449f867e27728668130bedb/protobuf-java-3.17.2.jar,file:/Users/helloabc/.gradle/caches/modules-2/files-2.1/io.grpc/grpc-alts/1.39.0/7cfb9a940b68812e5449f867e27728668130bedb/conscrypt-openjdk-uber-2.5.1.jar,file:/Users/helloabc/.gradle/caches/modules-2/files-2.1/io.grpc/grpc-alts/1.39.0/7cfb9a940b68812e5449f867e27728668130bedb/google-auth-library-oauth2-http-0.22.2.jar,file:/Users/helloabc/.gradle/caches/modules-2/files-2.1/io.grpc/grpc-alts/1.39.0/7cfb9a940b68812e5449f867e27728668130bedb/grpc-netty-shaded-1.39.0.jar,file:/Users/helloabc/.gradle/caches/modules-2/files-2.1/io.grpc/grpc-alts/1.39.0/7cfb9a940b68812e5449f867e27728668130bedb/grpc-core-1.39.0.jar,file:/Users/helloabc/.gradle/caches/modules-2/files-2.1/io.grpc/grpc-alts/1.39.0/7cfb9a940b68812e5449f867e27728668130bedb/grpc-protobuf-lite-1.39.0.jar,file:/Users/helloabc/.gradle/caches/modules-2/files-2.1/io.grpc/grpc-alts/1.39.0/7cfb9a940b68812e5449f867e27728668130bedb/grpc-api-1.39.0.jar,file:/Users/helloabc/.gradle/caches/modules-2/files-2.1/io.grpc/grpc-alts/1.39.0/7cfb9a940b68812e5449f867e27728668130bedb/google-http-client-jackson2-1.38.0.jar,file:/Users/helloabc/.gradle/caches/modules-2/files-2.1/io.grpc/grpc-alts/1.39.0/7cfb9a940b68812e5449f867e27728668130bedb/google-http-client-1.38.0.jar,file:/Users/helloabc/.gradle/caches/modules-2/files-2.1/io.grpc/grpc-alts/1.39.0/7cfb9a940b68812e5449f867e27728668130bedb/opencensus-contrib-http-util-0.24.0.jar,file:/Users/helloabc/.gradle/caches/modules-2/files-2.1/io.grpc/grpc-alts/1.39.0/7cfb9a940b68812e5449f867e27728668130bedb/guava-30.1-android.jar,file:/Users/helloabc/.gradle/caches/modules-2/files-2.1/io.grpc/grpc-alts/1.39.0/7cfb9a940b68812e5449f867e27728668130bedb/google-auth-library-credentials-0.22.2.jar,file:/Users/helloabc/.gradle/caches/modules-2/files-2.1/io.grpc/grpc-alts/1.39.0/7cfb9a940b68812e5449f867e27728668130bedb/error_prone_annotations-2.4.0.jar,file:/Users/helloabc/.gradle/caches/modules-2/files-2.1/io.grpc/grpc-alts/1.39.0/7cfb9a940b68812e5449f867e27728668130bedb/jsr305-3.0.2.jar,file:/Users/helloabc/.gradle/caches/modules-2/files-2.1/io.grpc/grpc-alts/1.39.0/7cfb9a940b68812e5449f867e27728668130bedb/failureaccess-1.0.1.jar,file:/Users/helloabc/.gradle/caches/modules-2/files-2.1/io.grpc/grpc-alts/1.39.0/7cfb9a940b68812e5449f867e27728668130bedb/listenablefuture-9999.0-empty-to-avoid-conflict-with-guava.jar,file:/Users/helloabc/.gradle/caches/modules-2/files-2.1/io.grpc/grpc-alts/1.39.0/7cfb9a940b68812e5449f867e27728668130bedb/checker-compat-qual-2.5.5.jar,file:/Users/helloabc/.gradle/caches/modules-2/files-2.1/io.grpc/grpc-alts/1.39.0/7cfb9a940b68812e5449f867e27728668130bedb/j2objc-annotations-1.3.jar,file:/Users/helloabc/.gradle/caches/modules-2/files-2.1/io.grpc/grpc-alts/1.39.0/7cfb9a940b68812e5449f867e27728668130bedb/auto-value-annotations-1.7.4.jar,file:/Users/helloabc/.gradle/caches/modules-2/files-2.1/io.grpc/grpc-alts/1.39.0/7cfb9a940b68812e5449f867e27728668130bedb/perfmark-api-0.23.0.jar,file:/Users/helloabc/.gradle/caches/modules-2/files-2.1/io.grpc/grpc-alts/1.39.0/7cfb9a940b68812e5449f867e27728668130bedb/opencensus-api-0.24.0.jar,file:/Users/helloabc/.gradle/caches/modules-2/files-2.1/io.grpc/grpc-alts/1.39.0/7cfb9a940b68812e5449f867e27728668130bedb/grpc-context-1.39.0.jar,file:/Users/helloabc/.gradle/caches/modules-2/files-2.1/io.grpc/grpc-alts/1.39.0/7cfb9a940b68812e5449f867e27728668130bedb/gson-2.8.6.jar,file:/Users/helloabc/.gradle/caches/modules-2/files-2.1/io.grpc/grpc-alts/1.39.0/7cfb9a940b68812e5449f867e27728668130bedb/annotations-4.1.1.4.jar,file:/Users/helloabc/.gradle/caches/modules-2/files-2.1/io.grpc/grpc-alts/1.39.0/7cfb9a940b68812e5449f867e27728668130bedb/animal-sniffer-annotations-1.19.jar,file:/Users/helloabc/.gradle/caches/modules-2/files-2.1/io.grpc/grpc-alts/1.39.0/7cfb9a940b68812e5449f867e27728668130bedb/httpclient-4.5.13.jar,file:/Users/helloabc/.gradle/caches/modules-2/files-2.1/io.grpc/grpc-alts/1.39.0/7cfb9a940b68812e5449f867e27728668130bedb/httpcore-4.4.13.jar,file:/Users/helloabc/.gradle/caches/modules-2/files-2.1/io.grpc/grpc-alts/1.39.0/7cfb9a940b68812e5449f867e27728668130bedb/jackson-core-2.11.3.jar,file:/Users/helloabc/.gradle/caches/modules-2/files-2.1/io.grpc/grpc-alts/1.39.0/7cfb9a940b68812e5449f867e27728668130bedb/commons-logging-1.2.jar,file:/Users/helloabc/.gradle/caches/modules-2/files-2.1/io.grpc/grpc-alts/1.39.0/7cfb9a940b68812e5449f867e27728668130bedb/commons-codec-1.11.jar
2024-08-01 15:52:29,539 INFO [org.springframework.boot.devtools.env.DevToolsPropertyDefaultsPostProcessor:225] Devtools property defaults active! Set 'spring.devtools.add-properties' to 'false' to disable
2024-08-01 15:52:29,539 INFO [org.springframework.boot.devtools.env.DevToolsPropertyDefaultsPostProcessor:225] For additional web related logging consider setting the 'logging.level.web' property to 'DEBUG'
2024-08-01 15:52:30,447 INFO [org.springframework.data.repository.config.RepositoryConfigurationDelegate:249] Multiple Spring Data modules found, entering strict repository configuration mode!
2024-08-01 15:52:30,449 INFO [org.springframework.data.repository.config.RepositoryConfigurationDelegate:127] Bootstrapping Spring Data Reactive Cassandra repositories in DEFAULT mode.
2024-08-01 15:52:30,499 INFO [org.springframework.data.repository.config.RepositoryConfigurationExtensionSupport:348] Spring Data Reactive Cassandra - Could not safely identify store assignment for repository candidate interface com.pbs.tech.repo.AccessConfigRepo. If you want this repository to be a Reactive Cassandra repository, consider annotating your entities with one of these annotations: org.springframework.data.cassandra.core.mapping.Table (preferred), or consider extending one of the following types with your repository: org.springframework.data.cassandra.repository.ReactiveCassandraRepository.
2024-08-01 15:52:30,501 INFO [org.springframework.data.repository.config.RepositoryConfigurationExtensionSupport:348] Spring Data Reactive Cassandra - Could not safely identify store assignment for repository candidate interface com.pbs.tech.repo.ChannelRepo. If you want this repository to be a Reactive Cassandra repository, consider annotating your entities with one of these annotations: org.springframework.data.cassandra.core.mapping.Table (preferred), or consider extending one of the following types with your repository: org.springframework.data.cassandra.repository.ReactiveCassandraRepository.
2024-08-01 15:52:30,502 INFO [org.springframework.data.repository.config.RepositoryConfigurationExtensionSupport:348] Spring Data Reactive Cassandra - Could not safely identify store assignment for repository candidate interface com.pbs.tech.repo.ChannelResizeRepo. If you want this repository to be a Reactive Cassandra repository, consider annotating your entities with one of these annotations: org.springframework.data.cassandra.core.mapping.Table (preferred), or consider extending one of the following types with your repository: org.springframework.data.cassandra.repository.ReactiveCassandraRepository.
2024-08-01 15:52:30,504 INFO [org.springframework.data.repository.config.RepositoryConfigurationExtensionSupport:348] Spring Data Reactive Cassandra - Could not safely identify store assignment for repository candidate interface com.pbs.tech.repo.ConfigurationsRepo. If you want this repository to be a Reactive Cassandra repository, consider annotating your entities with one of these annotations: org.springframework.data.cassandra.core.mapping.Table (preferred), or consider extending one of the following types with your repository: org.springframework.data.cassandra.repository.ReactiveCassandraRepository.
2024-08-01 15:52:30,505 INFO [org.springframework.data.repository.config.RepositoryConfigurationExtensionSupport:348] Spring Data Reactive Cassandra - Could not safely identify store assignment for repository candidate interface com.pbs.tech.repo.DataApiRepo. If you want this repository to be a Reactive Cassandra repository, consider annotating your entities with one of these annotations: org.springframework.data.cassandra.core.mapping.Table (preferred), or consider extending one of the following types with your repository: org.springframework.data.cassandra.repository.ReactiveCassandraRepository.
2024-08-01 15:52:30,506 INFO [org.springframework.data.repository.config.RepositoryConfigurationExtensionSupport:348] Spring Data Reactive Cassandra - Could not safely identify store assignment for repository candidate interface com.pbs.tech.repo.FCMRepo. If you want this repository to be a Reactive Cassandra repository, consider annotating your entities with one of these annotations: org.springframework.data.cassandra.core.mapping.Table (preferred), or consider extending one of the following types with your repository: org.springframework.data.cassandra.repository.ReactiveCassandraRepository.
2024-08-01 15:52:30,507 INFO [org.springframework.data.repository.config.RepositoryConfigurationExtensionSupport:348] Spring Data Reactive Cassandra - Could not safely identify store assignment for repository candidate interface com.pbs.tech.repo.FRConfigRepo. If you want this repository to be a Reactive Cassandra repository, consider annotating your entities with one of these annotations: org.springframework.data.cassandra.core.mapping.Table (preferred), or consider extending one of the following types with your repository: org.springframework.data.cassandra.repository.ReactiveCassandraRepository.
2024-08-01 15:52:30,514 INFO [org.springframework.data.repository.config.RepositoryConfigurationExtensionSupport:348] Spring Data Reactive Cassandra - Could not safely identify store assignment for repository candidate interface com.pbs.tech.repo.LicenceRepo. If you want this repository to be a Reactive Cassandra repository, consider annotating your entities with one of these annotations: org.springframework.data.cassandra.core.mapping.Table (preferred), or consider extending one of the following types with your repository: org.springframework.data.cassandra.repository.ReactiveCassandraRepository.
2024-08-01 15:52:30,515 INFO [org.springframework.data.repository.config.RepositoryConfigurationExtensionSupport:348] Spring Data Reactive Cassandra - Could not safely identify store assignment for repository candidate interface com.pbs.tech.repo.MenuStatusRepo. If you want this repository to be a Reactive Cassandra repository, consider annotating your entities with one of these annotations: org.springframework.data.cassandra.core.mapping.Table (preferred), or consider extending one of the following types with your repository: org.springframework.data.cassandra.repository.ReactiveCassandraRepository.
2024-08-01 15:52:30,516 INFO [org.springframework.data.repository.config.RepositoryConfigurationExtensionSupport:348] Spring Data Reactive Cassandra - Could not safely identify store assignment for repository candidate interface com.pbs.tech.repo.NprConfigRepo. If you want this repository to be a Reactive Cassandra repository, consider annotating your entities with one of these annotations: org.springframework.data.cassandra.core.mapping.Table (preferred), or consider extending one of the following types with your repository: org.springframework.data.cassandra.repository.ReactiveCassandraRepository.
2024-08-01 15:52:30,517 INFO [org.springframework.data.repository.config.RepositoryConfigurationExtensionSupport:348] Spring Data Reactive Cassandra - Could not safely identify store assignment for repository candidate interface com.pbs.tech.repo.ReportPeriodRepo. If you want this repository to be a Reactive Cassandra repository, consider annotating your entities with one of these annotations: org.springframework.data.cassandra.core.mapping.Table (preferred), or consider extending one of the following types with your repository: org.springframework.data.cassandra.repository.ReactiveCassandraRepository.
2024-08-01 15:52:30,518 INFO [org.springframework.data.repository.config.RepositoryConfigurationExtensionSupport:348] Spring Data Reactive Cassandra - Could not safely identify store assignment for repository candidate interface com.pbs.tech.repo.SmtpRepo. If you want this repository to be a Reactive Cassandra repository, consider annotating your entities with one of these annotations: org.springframework.data.cassandra.core.mapping.Table (preferred), or consider extending one of the following types with your repository: org.springframework.data.cassandra.repository.ReactiveCassandraRepository.
2024-08-01 15:52:30,520 INFO [org.springframework.data.repository.config.RepositoryConfigurationExtensionSupport:348] Spring Data Reactive Cassandra - Could not safely identify store assignment for repository candidate interface com.pbs.tech.repo.UserRepo. If you want this repository to be a Reactive Cassandra repository, consider annotating your entities with one of these annotations: org.springframework.data.cassandra.core.mapping.Table (preferred), or consider extending one of the following types with your repository: org.springframework.data.cassandra.repository.ReactiveCassandraRepository.
2024-08-01 15:52:30,533 INFO [org.springframework.data.repository.config.RepositoryConfigurationDelegate:187] Finished Spring Data repository scanning in 81ms. Found 0 Reactive Cassandra repository interfaces.
2024-08-01 15:52:30,540 INFO [org.springframework.data.repository.config.RepositoryConfigurationDelegate:249] Multiple Spring Data modules found, entering strict repository configuration mode!
2024-08-01 15:52:30,541 INFO [org.springframework.data.repository.config.RepositoryConfigurationDelegate:127] Bootstrapping Spring Data Cassandra repositories in DEFAULT mode.
2024-08-01 15:52:30,554 INFO [org.springframework.data.repository.config.RepositoryConfigurationExtensionSupport:348] Spring Data Cassandra - Could not safely identify store assignment for repository candidate interface com.pbs.tech.repo.AccessConfigRepo. If you want this repository to be a Cassandra repository, consider annotating your entities with one of these annotations: org.springframework.data.cassandra.core.mapping.Table (preferred), or consider extending one of the following types with your repository: org.springframework.data.cassandra.repository.CassandraRepository.
2024-08-01 15:52:30,555 INFO [org.springframework.data.repository.config.RepositoryConfigurationExtensionSupport:348] Spring Data Cassandra - Could not safely identify store assignment for repository candidate interface com.pbs.tech.repo.ChannelRepo. If you want this repository to be a Cassandra repository, consider annotating your entities with one of these annotations: org.springframework.data.cassandra.core.mapping.Table (preferred), or consider extending one of the following types with your repository: org.springframework.data.cassandra.repository.CassandraRepository.
2024-08-01 15:52:30,556 INFO [org.springframework.data.repository.config.RepositoryConfigurationExtensionSupport:348] Spring Data Cassandra - Could not safely identify store assignment for repository candidate interface com.pbs.tech.repo.ChannelResizeRepo. If you want this repository to be a Cassandra repository, consider annotating your entities with one of these annotations: org.springframework.data.cassandra.core.mapping.Table (preferred), or consider extending one of the following types with your repository: org.springframework.data.cassandra.repository.CassandraRepository.
2024-08-01 15:52:30,556 INFO [org.springframework.data.repository.config.RepositoryConfigurationExtensionSupport:348] Spring Data Cassandra - Could not safely identify store assignment for repository candidate interface com.pbs.tech.repo.ConfigurationsRepo. If you want this repository to be a Cassandra repository, consider annotating your entities with one of these annotations: org.springframework.data.cassandra.core.mapping.Table (preferred), or consider extending one of the following types with your repository: org.springframework.data.cassandra.repository.CassandraRepository.
2024-08-01 15:52:30,556 INFO [org.springframework.data.repository.config.RepositoryConfigurationExtensionSupport:348] Spring Data Cassandra - Could not safely identify store assignment for repository candidate interface com.pbs.tech.repo.DataApiRepo. If you want this repository to be a Cassandra repository, consider annotating your entities with one of these annotations: org.springframework.data.cassandra.core.mapping.Table (preferred), or consider extending one of the following types with your repository: org.springframework.data.cassandra.repository.CassandraRepository.
2024-08-01 15:52:30,557 INFO [org.springframework.data.repository.config.RepositoryConfigurationExtensionSupport:348] Spring Data Cassandra - Could not safely identify store assignment for repository candidate interface com.pbs.tech.repo.FCMRepo. If you want this repository to be a Cassandra repository, consider annotating your entities with one of these annotations: org.springframework.data.cassandra.core.mapping.Table (preferred), or consider extending one of the following types with your repository: org.springframework.data.cassandra.repository.CassandraRepository.
2024-08-01 15:52:30,557 INFO [org.springframework.data.repository.config.RepositoryConfigurationExtensionSupport:348] Spring Data Cassandra - Could not safely identify store assignment for repository candidate interface com.pbs.tech.repo.FRConfigRepo. If you want this repository to be a Cassandra repository, consider annotating your entities with one of these annotations: org.springframework.data.cassandra.core.mapping.Table (preferred), or consider extending one of the following types with your repository: org.springframework.data.cassandra.repository.CassandraRepository.
2024-08-01 15:52:30,557 INFO [org.springframework.data.repository.config.RepositoryConfigurationExtensionSupport:348] Spring Data Cassandra - Could not safely identify store assignment for repository candidate interface com.pbs.tech.repo.LicenceRepo. If you want this repository to be a Cassandra repository, consider annotating your entities with one of these annotations: org.springframework.data.cassandra.core.mapping.Table (preferred), or consider extending one of the following types with your repository: org.springframework.data.cassandra.repository.CassandraRepository.
2024-08-01 15:52:30,558 INFO [org.springframework.data.repository.config.RepositoryConfigurationExtensionSupport:348] Spring Data Cassandra - Could not safely identify store assignment for repository candidate interface com.pbs.tech.repo.MenuStatusRepo. If you want this repository to be a Cassandra repository, consider annotating your entities with one of these annotations: org.springframework.data.cassandra.core.mapping.Table (preferred), or consider extending one of the following types with your repository: org.springframework.data.cassandra.repository.CassandraRepository.
2024-08-01 15:52:30,559 INFO [org.springframework.data.repository.config.RepositoryConfigurationExtensionSupport:348] Spring Data Cassandra - Could not safely identify store assignment for repository candidate interface com.pbs.tech.repo.NprConfigRepo. If you want this repository to be a Cassandra repository, consider annotating your entities with one of these annotations: org.springframework.data.cassandra.core.mapping.Table (preferred), or consider extending one of the following types with your repository: org.springframework.data.cassandra.repository.CassandraRepository.
2024-08-01 15:52:30,559 INFO [org.springframework.data.repository.config.RepositoryConfigurationExtensionSupport:348] Spring Data Cassandra - Could not safely identify store assignment for repository candidate interface com.pbs.tech.repo.ReportPeriodRepo. If you want this repository to be a Cassandra repository, consider annotating your entities with one of these annotations: org.springframework.data.cassandra.core.mapping.Table (preferred), or consider extending one of the following types with your repository: org.springframework.data.cassandra.repository.CassandraRepository.
2024-08-01 15:52:30,560 INFO [org.springframework.data.repository.config.RepositoryConfigurationExtensionSupport:348] Spring Data Cassandra - Could not safely identify store assignment for repository candidate interface com.pbs.tech.repo.SmtpRepo. If you want this repository to be a Cassandra repository, consider annotating your entities with one of these annotations: org.springframework.data.cassandra.core.mapping.Table (preferred), or consider extending one of the following types with your repository: org.springframework.data.cassandra.repository.CassandraRepository.
2024-08-01 15:52:30,560 INFO [org.springframework.data.repository.config.RepositoryConfigurationExtensionSupport:348] Spring Data Cassandra - Could not safely identify store assignment for repository candidate interface com.pbs.tech.repo.UserRepo. If you want this repository to be a Cassandra repository, consider annotating your entities with one of these annotations: org.springframework.data.cassandra.core.mapping.Table (preferred), or consider extending one of the following types with your repository: org.springframework.data.cassandra.repository.CassandraRepository.
2024-08-01 15:52:30,586 INFO [org.springframework.data.repository.config.RepositoryConfigurationDelegate:187] Finished Spring Data repository scanning in 44ms. Found 5 Cassandra repository interfaces.
2024-08-01 15:52:30,602 INFO [org.springframework.data.repository.config.RepositoryConfigurationDelegate:249] Multiple Spring Data modules found, entering strict repository configuration mode!
2024-08-01 15:52:30,603 INFO [org.springframework.data.repository.config.RepositoryConfigurationDelegate:127] Bootstrapping Spring Data JPA repositories in DEFAULT mode.
2024-08-01 15:52:30,639 INFO [org.springframework.data.repository.config.RepositoryConfigurationExtensionSupport:348] Spring Data JPA - Could not safely identify store assignment for repository candidate interface com.pbs.tech.repo.big.EntryExitRepo. If you want this repository to be a JPA repository, consider annotating your entities with one of these annotations: javax.persistence.Entity, javax.persistence.MappedSuperclass (preferred), or consider extending one of the following types with your repository: org.springframework.data.jpa.repository.JpaRepository.
2024-08-01 15:52:30,641 INFO [org.springframework.data.repository.config.RepositoryConfigurationExtensionSupport:348] Spring Data JPA - Could not safely identify store assignment for repository candidate interface com.pbs.tech.repo.big.EntryViolationRepo. If you want this repository to be a JPA repository, consider annotating your entities with one of these annotations: javax.persistence.Entity, javax.persistence.MappedSuperclass (preferred), or consider extending one of the following types with your repository: org.springframework.data.jpa.repository.JpaRepository.
2024-08-01 15:52:30,642 INFO [org.springframework.data.repository.config.RepositoryConfigurationExtensionSupport:348] Spring Data JPA - Could not safely identify store assignment for repository candidate interface com.pbs.tech.repo.big.ExitViewRepo. If you want this repository to be a JPA repository, consider annotating your entities with one of these annotations: javax.persistence.Entity, javax.persistence.MappedSuperclass (preferred), or consider extending one of the following types with your repository: org.springframework.data.jpa.repository.JpaRepository.
2024-08-01 15:52:30,644 INFO [org.springframework.data.repository.config.RepositoryConfigurationExtensionSupport:348] Spring Data JPA - Could not safely identify store assignment for repository candidate interface com.pbs.tech.repo.big.PeopleCountRepo. If you want this repository to be a JPA repository, consider annotating your entities with one of these annotations: javax.persistence.Entity, javax.persistence.MappedSuperclass (preferred), or consider extending one of the following types with your repository: org.springframework.data.jpa.repository.JpaRepository.
2024-08-01 15:52:30,645 INFO [org.springframework.data.repository.config.RepositoryConfigurationExtensionSupport:348] Spring Data JPA - Could not safely identify store assignment for repository candidate interface com.pbs.tech.repo.big.UnknownEntryRepo. If you want this repository to be a JPA repository, consider annotating your entities with one of these annotations: javax.persistence.Entity, javax.persistence.MappedSuperclass (preferred), or consider extending one of the following types with your repository: org.springframework.data.jpa.repository.JpaRepository.
2024-08-01 15:52:30,654 INFO [org.springframework.data.repository.config.RepositoryConfigurationDelegate:187] Finished Spring Data repository scanning in 45ms. Found 13 JPA repository interfaces.
2024-08-01 15:52:31,537 INFO [org.springframework.boot.web.embedded.tomcat.TomcatWebServer:108] Tomcat initialized with port(s): 8088 (https)
2024-08-01 15:52:31,548 INFO [org.apache.coyote.http11.Http11NioProtocol:173] Initializing ProtocolHandler ["https-jsse-nio-8088"]
2024-08-01 15:52:31,548 INFO [org.apache.catalina.core.StandardService:173] Starting service [Tomcat]
2024-08-01 15:52:31,549 INFO [org.apache.catalina.core.StandardEngine:173] Starting Servlet engine: [Apache Tomcat/9.0.43]
2024-08-01 15:52:31,645 INFO [org.apache.catalina.core.ContainerBase.[Tomcat].[localhost].[/]:173] Initializing Spring embedded WebApplicationContext
2024-08-01 15:52:31,646 INFO [org.springframework.boot.web.servlet.context.ServletWebServerApplicationContext:285] Root WebApplicationContext: initialization completed in 2107 ms
2024-08-01 15:52:31,696 INFO [com.zaxxer.hikari.HikariDataSource:110] HikariPool-1 - Starting...
2024-08-01 15:52:32,787 ERROR [com.zaxxer.hikari.pool.HikariPool:593] HikariPool-1 - Exception during pool initialization.
org.h2.jdbc.JdbcSQLNonTransientConnectionException: Database may be already in use: null. Possible solutions: close all other connection(s); use the server mode [90020-200]
	at org.h2.message.DbException.getJdbcSQLException(DbException.java:622)
	at org.h2.message.DbException.getJdbcSQLException(DbException.java:429)
	at org.h2.message.DbException.get(DbException.java:194)
	at org.h2.mvstore.db.MVTableEngine$Store.convertIllegalStateException(MVTableEngine.java:206)
	at org.h2.mvstore.db.MVTableEngine$Store.open(MVTableEngine.java:182)
	at org.h2.mvstore.db.MVTableEngine.init(MVTableEngine.java:103)
	at org.h2.engine.Database.getPageStore(Database.java:2659)
	at org.h2.engine.Database.open(Database.java:675)
	at org.h2.engine.Database.openDatabase(Database.java:307)
	at org.h2.engine.Database.<init>(Database.java:301)
	at org.h2.engine.Engine.openSession(Engine.java:74)
	at org.h2.engine.Engine.openSession(Engine.java:192)
	at org.h2.engine.Engine.createSessionAndValidate(Engine.java:171)
	at org.h2.engine.Engine.createSession(Engine.java:166)
	at org.h2.engine.Engine.createSession(Engine.java:29)
	at org.h2.engine.SessionRemote.connectEmbeddedOrServer(SessionRemote.java:340)
	at org.h2.jdbc.JdbcConnection.<init>(JdbcConnection.java:173)
	at org.h2.jdbc.JdbcConnection.<init>(JdbcConnection.java:152)
	at org.h2.Driver.connect(Driver.java:69)
	at com.zaxxer.hikari.util.DriverDataSource.getConnection(DriverDataSource.java:138)
	at com.zaxxer.hikari.pool.PoolBase.newConnection(PoolBase.java:358)
	at com.zaxxer.hikari.pool.PoolBase.newPoolEntry(PoolBase.java:206)
	at com.zaxxer.hikari.pool.HikariPool.createPoolEntry(HikariPool.java:477)
	at com.zaxxer.hikari.pool.HikariPool.checkFailFast(HikariPool.java:560)
	at com.zaxxer.hikari.pool.HikariPool.<init>(HikariPool.java:115)
	at com.zaxxer.hikari.HikariDataSource.getConnection(HikariDataSource.java:112)
	at org.springframework.boot.autoconfigure.h2.H2ConsoleAutoConfiguration.lambda$h2Console$0(H2ConsoleAutoConfiguration.java:72)
	at org.springframework.beans.factory.ObjectProvider.ifAvailable(ObjectProvider.java:93)
	at org.springframework.boot.autoconfigure.h2.H2ConsoleAutoConfiguration.h2Console(H2ConsoleAutoConfiguration.java:71)
	at java.base/jdk.internal.reflect.NativeMethodAccessorImpl.invoke0(Native Method)
	at java.base/jdk.internal.reflect.NativeMethodAccessorImpl.invoke(NativeMethodAccessorImpl.java:77)
	at java.base/jdk.internal.reflect.DelegatingMethodAccessorImpl.invoke(DelegatingMethodAccessorImpl.java:43)
	at java.base/java.lang.reflect.Method.invoke(Method.java:568)
	at org.springframework.beans.factory.support.SimpleInstantiationStrategy.instantiate(SimpleInstantiationStrategy.java:154)
	at org.springframework.beans.factory.support.ConstructorResolver.instantiate(ConstructorResolver.java:652)
	at org.springframework.beans.factory.support.ConstructorResolver.instantiateUsingFactoryMethod(ConstructorResolver.java:637)
	at org.springframework.beans.factory.support.AbstractAutowireCapableBeanFactory.instantiateUsingFactoryMethod(AbstractAutowireCapableBeanFactory.java:1341)
	at org.springframework.beans.factory.support.AbstractAutowireCapableBeanFactory.createBeanInstance(AbstractAutowireCapableBeanFactory.java:1181)
	at org.springframework.beans.factory.support.AbstractAutowireCapableBeanFactory.doCreateBean(AbstractAutowireCapableBeanFactory.java:556)
	at org.springframework.beans.factory.support.AbstractAutowireCapableBeanFactory.createBean(AbstractAutowireCapableBeanFactory.java:516)
	at org.springframework.beans.factory.support.AbstractBeanFactory.lambda$doGetBean$0(AbstractBeanFactory.java:324)
	at org.springframework.beans.factory.support.DefaultSingletonBeanRegistry.getSingleton(DefaultSingletonBeanRegistry.java:234)
	at org.springframework.beans.factory.support.AbstractBeanFactory.doGetBean(AbstractBeanFactory.java:322)
	at org.springframework.beans.factory.support.AbstractBeanFactory.getBean(AbstractBeanFactory.java:207)
	at org.springframework.boot.web.servlet.ServletContextInitializerBeans.getOrderedBeansOfType(ServletContextInitializerBeans.java:211)
	at org.springframework.boot.web.servlet.ServletContextInitializerBeans.getOrderedBeansOfType(ServletContextInitializerBeans.java:202)
	at org.springframework.boot.web.servlet.ServletContextInitializerBeans.addServletContextInitializerBeans(ServletContextInitializerBeans.java:96)
	at org.springframework.boot.web.servlet.ServletContextInitializerBeans.<init>(ServletContextInitializerBeans.java:85)
	at org.springframework.boot.web.servlet.context.ServletWebServerApplicationContext.getServletContextInitializerBeans(ServletWebServerApplicationContext.java:255)
	at org.springframework.boot.web.servlet.context.ServletWebServerApplicationContext.selfInitialize(ServletWebServerApplicationContext.java:229)
	at org.springframework.boot.web.embedded.tomcat.TomcatStarter.onStartup(TomcatStarter.java:53)
	at org.apache.catalina.core.StandardContext.startInternal(StandardContext.java:5166)
	at org.apache.catalina.util.LifecycleBase.start(LifecycleBase.java:183)
	at org.apache.catalina.core.ContainerBase$StartChild.call(ContainerBase.java:1384)
	at org.apache.catalina.core.ContainerBase$StartChild.call(ContainerBase.java:1374)
	at java.base/java.util.concurrent.FutureTask.run(FutureTask.java:264)
	at org.apache.tomcat.util.threads.InlineExecutorService.execute(InlineExecutorService.java:75)
	at java.base/java.util.concurrent.AbstractExecutorService.submit(AbstractExecutorService.java:145)
	at org.apache.catalina.core.ContainerBase.startInternal(ContainerBase.java:909)
	at org.apache.catalina.core.StandardHost.startInternal(StandardHost.java:843)
	at org.apache.catalina.util.LifecycleBase.start(LifecycleBase.java:183)
	at org.apache.catalina.core.ContainerBase$StartChild.call(ContainerBase.java:1384)
	at org.apache.catalina.core.ContainerBase$StartChild.call(ContainerBase.java:1374)
	at java.base/java.util.concurrent.FutureTask.run(FutureTask.java:264)
	at org.apache.tomcat.util.threads.InlineExecutorService.execute(InlineExecutorService.java:75)
	at java.base/java.util.concurrent.AbstractExecutorService.submit(AbstractExecutorService.java:145)
	at org.apache.catalina.core.ContainerBase.startInternal(ContainerBase.java:909)
	at org.apache.catalina.core.StandardEngine.startInternal(StandardEngine.java:262)
	at org.apache.catalina.util.LifecycleBase.start(LifecycleBase.java:183)
	at org.apache.catalina.core.StandardService.startInternal(StandardService.java:434)
	at org.apache.catalina.util.LifecycleBase.start(LifecycleBase.java:183)
	at org.apache.catalina.core.StandardServer.startInternal(StandardServer.java:930)
	at org.apache.catalina.util.LifecycleBase.start(LifecycleBase.java:183)
	at org.apache.catalina.startup.Tomcat.start(Tomcat.java:486)
	at org.springframework.boot.web.embedded.tomcat.TomcatWebServer.initialize(TomcatWebServer.java:123)
	at org.springframework.boot.web.embedded.tomcat.TomcatWebServer.<init>(TomcatWebServer.java:104)
	at org.springframework.boot.web.embedded.tomcat.TomcatServletWebServerFactory.getTomcatWebServer(TomcatServletWebServerFactory.java:440)
	at org.springframework.boot.web.embedded.tomcat.TomcatServletWebServerFactory.getWebServer(TomcatServletWebServerFactory.java:193)
	at org.springframework.boot.web.servlet.context.ServletWebServerApplicationContext.createWebServer(ServletWebServerApplicationContext.java:178)
	at org.springframework.boot.web.servlet.context.ServletWebServerApplicationContext.onRefresh(ServletWebServerApplicationContext.java:158)
	at org.springframework.context.support.AbstractApplicationContext.refresh(AbstractApplicationContext.java:545)
	at org.springframework.boot.web.servlet.context.ServletWebServerApplicationContext.refresh(ServletWebServerApplicationContext.java:143)
	at org.springframework.boot.SpringApplication.refresh(SpringApplication.java:758)
	at org.springframework.boot.SpringApplication.refresh(SpringApplication.java:750)
	at org.springframework.boot.SpringApplication.refreshContext(SpringApplication.java:405)
	at org.springframework.boot.SpringApplication.run(SpringApplication.java:315)
	at org.springframework.boot.SpringApplication.run(SpringApplication.java:1237)
	at org.springframework.boot.SpringApplication.run(SpringApplication.java:1226)
	at com.pbs.tech.RootMain.main(RootMain.java:21)
	at java.base/jdk.internal.reflect.NativeMethodAccessorImpl.invoke0(Native Method)
	at java.base/jdk.internal.reflect.NativeMethodAccessorImpl.invoke(NativeMethodAccessorImpl.java:77)
	at java.base/jdk.internal.reflect.DelegatingMethodAccessorImpl.invoke(DelegatingMethodAccessorImpl.java:43)
	at java.base/java.lang.reflect.Method.invoke(Method.java:568)
	at org.springframework.boot.devtools.restart.RestartLauncher.run(RestartLauncher.java:49)
Caused by: java.lang.IllegalStateException: The file is locked: nio:/Users/helloabc/.ilenLatest.mv.db [1.4.200/7]
	at org.h2.mvstore.DataUtils.newIllegalStateException(DataUtils.java:950)
	at org.h2.mvstore.FileStore.open(FileStore.java:172)
	at org.h2.mvstore.MVStore.<init>(MVStore.java:381)
	at org.h2.mvstore.MVStore$Builder.open(MVStore.java:3579)
	at org.h2.mvstore.db.MVTableEngine$Store.open(MVTableEngine.java:170)
	... 89 common frames omitted
2024-08-01 15:52:32,952 INFO [org.hibernate.jpa.internal.util.LogHelper:31] HHH000204: Processing PersistenceUnitInfo [name: default]
2024-08-01 15:52:32,987 INFO [org.hibernate.Version:44] HHH000412: Hibernate ORM core version 5.4.28.Final
2024-08-01 15:52:33,090 INFO [org.hibernate.annotations.common.Version:56] HCANN000001: Hibernate Commons Annotations {5.1.2.Final}
2024-08-01 15:52:33,179 INFO [com.zaxxer.hikari.HikariDataSource:110] HikariPool-1 - Starting...
2024-08-01 15:52:34,184 ERROR [com.zaxxer.hikari.pool.HikariPool:593] HikariPool-1 - Exception during pool initialization.
org.h2.jdbc.JdbcSQLNonTransientConnectionException: Database may be already in use: null. Possible solutions: close all other connection(s); use the server mode [90020-200]
	at org.h2.message.DbException.getJdbcSQLException(DbException.java:622)
	at org.h2.message.DbException.getJdbcSQLException(DbException.java:429)
	at org.h2.message.DbException.get(DbException.java:194)
	at org.h2.mvstore.db.MVTableEngine$Store.convertIllegalStateException(MVTableEngine.java:206)
	at org.h2.mvstore.db.MVTableEngine$Store.open(MVTableEngine.java:182)
	at org.h2.mvstore.db.MVTableEngine.init(MVTableEngine.java:103)
	at org.h2.engine.Database.getPageStore(Database.java:2659)
	at org.h2.engine.Database.open(Database.java:675)
	at org.h2.engine.Database.openDatabase(Database.java:307)
	at org.h2.engine.Database.<init>(Database.java:301)
	at org.h2.engine.Engine.openSession(Engine.java:74)
	at org.h2.engine.Engine.openSession(Engine.java:192)
	at org.h2.engine.Engine.createSessionAndValidate(Engine.java:171)
	at org.h2.engine.Engine.createSession(Engine.java:166)
	at org.h2.engine.Engine.createSession(Engine.java:29)
	at org.h2.engine.SessionRemote.connectEmbeddedOrServer(SessionRemote.java:340)
	at org.h2.jdbc.JdbcConnection.<init>(JdbcConnection.java:173)
	at org.h2.jdbc.JdbcConnection.<init>(JdbcConnection.java:152)
	at org.h2.Driver.connect(Driver.java:69)
	at com.zaxxer.hikari.util.DriverDataSource.getConnection(DriverDataSource.java:138)
	at com.zaxxer.hikari.pool.PoolBase.newConnection(PoolBase.java:358)
	at com.zaxxer.hikari.pool.PoolBase.newPoolEntry(PoolBase.java:206)
	at com.zaxxer.hikari.pool.HikariPool.createPoolEntry(HikariPool.java:477)
	at com.zaxxer.hikari.pool.HikariPool.checkFailFast(HikariPool.java:560)
	at com.zaxxer.hikari.pool.HikariPool.<init>(HikariPool.java:115)
	at com.zaxxer.hikari.HikariDataSource.getConnection(HikariDataSource.java:112)
	at org.hibernate.engine.jdbc.connections.internal.DatasourceConnectionProviderImpl.getConnection(DatasourceConnectionProviderImpl.java:122)
	at org.hibernate.engine.jdbc.env.internal.JdbcEnvironmentInitiator$ConnectionProviderJdbcConnectionAccess.obtainConnection(JdbcEnvironmentInitiator.java:180)
	at org.hibernate.engine.jdbc.env.internal.JdbcEnvironmentInitiator.initiateService(JdbcEnvironmentInitiator.java:68)
	at org.hibernate.engine.jdbc.env.internal.JdbcEnvironmentInitiator.initiateService(JdbcEnvironmentInitiator.java:35)
	at org.hibernate.boot.registry.internal.StandardServiceRegistryImpl.initiateService(StandardServiceRegistryImpl.java:101)
	at org.hibernate.service.internal.AbstractServiceRegistryImpl.createService(AbstractServiceRegistryImpl.java:263)
	at org.hibernate.service.internal.AbstractServiceRegistryImpl.initializeService(AbstractServiceRegistryImpl.java:237)
	at org.hibernate.service.internal.AbstractServiceRegistryImpl.getService(AbstractServiceRegistryImpl.java:214)
	at org.hibernate.id.factory.internal.DefaultIdentifierGeneratorFactory.injectServices(DefaultIdentifierGeneratorFactory.java:152)
	at org.hibernate.service.internal.AbstractServiceRegistryImpl.injectDependencies(AbstractServiceRegistryImpl.java:286)
	at org.hibernate.service.internal.AbstractServiceRegistryImpl.initializeService(AbstractServiceRegistryImpl.java:243)
	at org.hibernate.service.internal.AbstractServiceRegistryImpl.getService(AbstractServiceRegistryImpl.java:214)
	at org.hibernate.boot.internal.InFlightMetadataCollectorImpl.<init>(InFlightMetadataCollectorImpl.java:176)
	at org.hibernate.boot.model.process.spi.MetadataBuildingProcess.complete(MetadataBuildingProcess.java:127)
	at org.hibernate.jpa.boot.internal.EntityManagerFactoryBuilderImpl.metadata(EntityManagerFactoryBuilderImpl.java:1224)
	at org.hibernate.jpa.boot.internal.EntityManagerFactoryBuilderImpl.build(EntityManagerFactoryBuilderImpl.java:1255)
	at org.springframework.orm.jpa.vendor.SpringHibernateJpaPersistenceProvider.createContainerEntityManagerFactory(SpringHibernateJpaPersistenceProvider.java:58)
	at org.springframework.orm.jpa.LocalContainerEntityManagerFactoryBean.createNativeEntityManagerFactory(LocalContainerEntityManagerFactoryBean.java:365)
	at org.springframework.orm.jpa.AbstractEntityManagerFactoryBean.buildNativeEntityManagerFactory(AbstractEntityManagerFactoryBean.java:391)
	at org.springframework.orm.jpa.AbstractEntityManagerFactoryBean.afterPropertiesSet(AbstractEntityManagerFactoryBean.java:378)
	at org.springframework.orm.jpa.LocalContainerEntityManagerFactoryBean.afterPropertiesSet(LocalContainerEntityManagerFactoryBean.java:341)
	at org.springframework.beans.factory.support.AbstractAutowireCapableBeanFactory.invokeInitMethods(AbstractAutowireCapableBeanFactory.java:1858)
	at org.springframework.beans.factory.support.AbstractAutowireCapableBeanFactory.initializeBean(AbstractAutowireCapableBeanFactory.java:1795)
	at org.springframework.beans.factory.support.AbstractAutowireCapableBeanFactory.doCreateBean(AbstractAutowireCapableBeanFactory.java:594)
	at org.springframework.beans.factory.support.AbstractAutowireCapableBeanFactory.createBean(AbstractAutowireCapableBeanFactory.java:516)
	at org.springframework.beans.factory.support.AbstractBeanFactory.lambda$doGetBean$0(AbstractBeanFactory.java:324)
	at org.springframework.beans.factory.support.DefaultSingletonBeanRegistry.getSingleton(DefaultSingletonBeanRegistry.java:234)
	at org.springframework.beans.factory.support.AbstractBeanFactory.doGetBean(AbstractBeanFactory.java:322)
	at org.springframework.beans.factory.support.AbstractBeanFactory.getBean(AbstractBeanFactory.java:202)
	at org.springframework.context.support.AbstractApplicationContext.getBean(AbstractApplicationContext.java:1109)
	at org.springframework.context.support.AbstractApplicationContext.finishBeanFactoryInitialization(AbstractApplicationContext.java:869)
	at org.springframework.context.support.AbstractApplicationContext.refresh(AbstractApplicationContext.java:551)
	at org.springframework.boot.web.servlet.context.ServletWebServerApplicationContext.refresh(ServletWebServerApplicationContext.java:143)
	at org.springframework.boot.SpringApplication.refresh(SpringApplication.java:758)
	at org.springframework.boot.SpringApplication.refresh(SpringApplication.java:750)
	at org.springframework.boot.SpringApplication.refreshContext(SpringApplication.java:405)
	at org.springframework.boot.SpringApplication.run(SpringApplication.java:315)
	at org.springframework.boot.SpringApplication.run(SpringApplication.java:1237)
	at org.springframework.boot.SpringApplication.run(SpringApplication.java:1226)
	at com.pbs.tech.RootMain.main(RootMain.java:21)
	at java.base/jdk.internal.reflect.NativeMethodAccessorImpl.invoke0(Native Method)
	at java.base/jdk.internal.reflect.NativeMethodAccessorImpl.invoke(NativeMethodAccessorImpl.java:77)
	at java.base/jdk.internal.reflect.DelegatingMethodAccessorImpl.invoke(DelegatingMethodAccessorImpl.java:43)
	at java.base/java.lang.reflect.Method.invoke(Method.java:568)
	at org.springframework.boot.devtools.restart.RestartLauncher.run(RestartLauncher.java:49)
Caused by: java.lang.IllegalStateException: The file is locked: nio:/Users/helloabc/.ilenLatest.mv.db [1.4.200/7]
	at org.h2.mvstore.DataUtils.newIllegalStateException(DataUtils.java:950)
	at org.h2.mvstore.FileStore.open(FileStore.java:172)
	at org.h2.mvstore.MVStore.<init>(MVStore.java:381)
	at org.h2.mvstore.MVStore$Builder.open(MVStore.java:3579)
	at org.h2.mvstore.db.MVTableEngine$Store.open(MVTableEngine.java:170)
	... 66 common frames omitted
2024-08-01 15:52:34,186 WARN [org.hibernate.engine.jdbc.env.internal.JdbcEnvironmentInitiator:132] HHH000342: Could not obtain connection to query metadata
org.h2.jdbc.JdbcSQLNonTransientConnectionException: Database may be already in use: null. Possible solutions: close all other connection(s); use the server mode [90020-200]
	at org.h2.message.DbException.getJdbcSQLException(DbException.java:622)
	at org.h2.message.DbException.getJdbcSQLException(DbException.java:429)
	at org.h2.message.DbException.get(DbException.java:194)
	at org.h2.mvstore.db.MVTableEngine$Store.convertIllegalStateException(MVTableEngine.java:206)
	at org.h2.mvstore.db.MVTableEngine$Store.open(MVTableEngine.java:182)
	at org.h2.mvstore.db.MVTableEngine.init(MVTableEngine.java:103)
	at org.h2.engine.Database.getPageStore(Database.java:2659)
	at org.h2.engine.Database.open(Database.java:675)
	at org.h2.engine.Database.openDatabase(Database.java:307)
	at org.h2.engine.Database.<init>(Database.java:301)
	at org.h2.engine.Engine.openSession(Engine.java:74)
	at org.h2.engine.Engine.openSession(Engine.java:192)
	at org.h2.engine.Engine.createSessionAndValidate(Engine.java:171)
	at org.h2.engine.Engine.createSession(Engine.java:166)
	at org.h2.engine.Engine.createSession(Engine.java:29)
	at org.h2.engine.SessionRemote.connectEmbeddedOrServer(SessionRemote.java:340)
	at org.h2.jdbc.JdbcConnection.<init>(JdbcConnection.java:173)
	at org.h2.jdbc.JdbcConnection.<init>(JdbcConnection.java:152)
	at org.h2.Driver.connect(Driver.java:69)
	at com.zaxxer.hikari.util.DriverDataSource.getConnection(DriverDataSource.java:138)
	at com.zaxxer.hikari.pool.PoolBase.newConnection(PoolBase.java:358)
	at com.zaxxer.hikari.pool.PoolBase.newPoolEntry(PoolBase.java:206)
	at com.zaxxer.hikari.pool.HikariPool.createPoolEntry(HikariPool.java:477)
	at com.zaxxer.hikari.pool.HikariPool.checkFailFast(HikariPool.java:560)
	at com.zaxxer.hikari.pool.HikariPool.<init>(HikariPool.java:115)
	at com.zaxxer.hikari.HikariDataSource.getConnection(HikariDataSource.java:112)
	at org.hibernate.engine.jdbc.connections.internal.DatasourceConnectionProviderImpl.getConnection(DatasourceConnectionProviderImpl.java:122)
	at org.hibernate.engine.jdbc.env.internal.JdbcEnvironmentInitiator$ConnectionProviderJdbcConnectionAccess.obtainConnection(JdbcEnvironmentInitiator.java:180)
	at org.hibernate.engine.jdbc.env.internal.JdbcEnvironmentInitiator.initiateService(JdbcEnvironmentInitiator.java:68)
	at org.hibernate.engine.jdbc.env.internal.JdbcEnvironmentInitiator.initiateService(JdbcEnvironmentInitiator.java:35)
	at org.hibernate.boot.registry.internal.StandardServiceRegistryImpl.initiateService(StandardServiceRegistryImpl.java:101)
	at org.hibernate.service.internal.AbstractServiceRegistryImpl.createService(AbstractServiceRegistryImpl.java:263)
	at org.hibernate.service.internal.AbstractServiceRegistryImpl.initializeService(AbstractServiceRegistryImpl.java:237)
	at org.hibernate.service.internal.AbstractServiceRegistryImpl.getService(AbstractServiceRegistryImpl.java:214)
	at org.hibernate.id.factory.internal.DefaultIdentifierGeneratorFactory.injectServices(DefaultIdentifierGeneratorFactory.java:152)
	at org.hibernate.service.internal.AbstractServiceRegistryImpl.injectDependencies(AbstractServiceRegistryImpl.java:286)
	at org.hibernate.service.internal.AbstractServiceRegistryImpl.initializeService(AbstractServiceRegistryImpl.java:243)
	at org.hibernate.service.internal.AbstractServiceRegistryImpl.getService(AbstractServiceRegistryImpl.java:214)
	at org.hibernate.boot.internal.InFlightMetadataCollectorImpl.<init>(InFlightMetadataCollectorImpl.java:176)
	at org.hibernate.boot.model.process.spi.MetadataBuildingProcess.complete(MetadataBuildingProcess.java:127)
	at org.hibernate.jpa.boot.internal.EntityManagerFactoryBuilderImpl.metadata(EntityManagerFactoryBuilderImpl.java:1224)
	at org.hibernate.jpa.boot.internal.EntityManagerFactoryBuilderImpl.build(EntityManagerFactoryBuilderImpl.java:1255)
	at org.springframework.orm.jpa.vendor.SpringHibernateJpaPersistenceProvider.createContainerEntityManagerFactory(SpringHibernateJpaPersistenceProvider.java:58)
	at org.springframework.orm.jpa.LocalContainerEntityManagerFactoryBean.createNativeEntityManagerFactory(LocalContainerEntityManagerFactoryBean.java:365)
	at org.springframework.orm.jpa.AbstractEntityManagerFactoryBean.buildNativeEntityManagerFactory(AbstractEntityManagerFactoryBean.java:391)
	at org.springframework.orm.jpa.AbstractEntityManagerFactoryBean.afterPropertiesSet(AbstractEntityManagerFactoryBean.java:378)
	at org.springframework.orm.jpa.LocalContainerEntityManagerFactoryBean.afterPropertiesSet(LocalContainerEntityManagerFactoryBean.java:341)
	at org.springframework.beans.factory.support.AbstractAutowireCapableBeanFactory.invokeInitMethods(AbstractAutowireCapableBeanFactory.java:1858)
	at org.springframework.beans.factory.support.AbstractAutowireCapableBeanFactory.initializeBean(AbstractAutowireCapableBeanFactory.java:1795)
	at org.springframework.beans.factory.support.AbstractAutowireCapableBeanFactory.doCreateBean(AbstractAutowireCapableBeanFactory.java:594)
	at org.springframework.beans.factory.support.AbstractAutowireCapableBeanFactory.createBean(AbstractAutowireCapableBeanFactory.java:516)
	at org.springframework.beans.factory.support.AbstractBeanFactory.lambda$doGetBean$0(AbstractBeanFactory.java:324)
	at org.springframework.beans.factory.support.DefaultSingletonBeanRegistry.getSingleton(DefaultSingletonBeanRegistry.java:234)
	at org.springframework.beans.factory.support.AbstractBeanFactory.doGetBean(AbstractBeanFactory.java:322)
	at org.springframework.beans.factory.support.AbstractBeanFactory.getBean(AbstractBeanFactory.java:202)
	at org.springframework.context.support.AbstractApplicationContext.getBean(AbstractApplicationContext.java:1109)
	at org.springframework.context.support.AbstractApplicationContext.finishBeanFactoryInitialization(AbstractApplicationContext.java:869)
	at org.springframework.context.support.AbstractApplicationContext.refresh(AbstractApplicationContext.java:551)
	at org.springframework.boot.web.servlet.context.ServletWebServerApplicationContext.refresh(ServletWebServerApplicationContext.java:143)
	at org.springframework.boot.SpringApplication.refresh(SpringApplication.java:758)
	at org.springframework.boot.SpringApplication.refresh(SpringApplication.java:750)
	at org.springframework.boot.SpringApplication.refreshContext(SpringApplication.java:405)
	at org.springframework.boot.SpringApplication.run(SpringApplication.java:315)
	at org.springframework.boot.SpringApplication.run(SpringApplication.java:1237)
	at org.springframework.boot.SpringApplication.run(SpringApplication.java:1226)
	at com.pbs.tech.RootMain.main(RootMain.java:21)
	at java.base/jdk.internal.reflect.NativeMethodAccessorImpl.invoke0(Native Method)
	at java.base/jdk.internal.reflect.NativeMethodAccessorImpl.invoke(NativeMethodAccessorImpl.java:77)
	at java.base/jdk.internal.reflect.DelegatingMethodAccessorImpl.invoke(DelegatingMethodAccessorImpl.java:43)
	at java.base/java.lang.reflect.Method.invoke(Method.java:568)
	at org.springframework.boot.devtools.restart.RestartLauncher.run(RestartLauncher.java:49)
Caused by: java.lang.IllegalStateException: The file is locked: nio:/Users/helloabc/.ilenLatest.mv.db [1.4.200/7]
	at org.h2.mvstore.DataUtils.newIllegalStateException(DataUtils.java:950)
	at org.h2.mvstore.FileStore.open(FileStore.java:172)
	at org.h2.mvstore.MVStore.<init>(MVStore.java:381)
	at org.h2.mvstore.MVStore$Builder.open(MVStore.java:3579)
	at org.h2.mvstore.db.MVTableEngine$Store.open(MVTableEngine.java:170)
	... 66 common frames omitted
2024-08-01 15:52:34,199 INFO [org.hibernate.dialect.Dialect:175] HHH000400: Using dialect: org.hibernate.dialect.H2Dialect
2024-08-01 15:52:34,764 INFO [com.zaxxer.hikari.HikariDataSource:110] HikariPool-1 - Starting...
2024-08-01 15:52:35,769 ERROR [com.zaxxer.hikari.pool.HikariPool:593] HikariPool-1 - Exception during pool initialization.
org.h2.jdbc.JdbcSQLNonTransientConnectionException: Database may be already in use: null. Possible solutions: close all other connection(s); use the server mode [90020-200]
	at org.h2.message.DbException.getJdbcSQLException(DbException.java:622)
	at org.h2.message.DbException.getJdbcSQLException(DbException.java:429)
	at org.h2.message.DbException.get(DbException.java:194)
	at org.h2.mvstore.db.MVTableEngine$Store.convertIllegalStateException(MVTableEngine.java:206)
	at org.h2.mvstore.db.MVTableEngine$Store.open(MVTableEngine.java:182)
	at org.h2.mvstore.db.MVTableEngine.init(MVTableEngine.java:103)
	at org.h2.engine.Database.getPageStore(Database.java:2659)
	at org.h2.engine.Database.open(Database.java:675)
	at org.h2.engine.Database.openDatabase(Database.java:307)
	at org.h2.engine.Database.<init>(Database.java:301)
	at org.h2.engine.Engine.openSession(Engine.java:74)
	at org.h2.engine.Engine.openSession(Engine.java:192)
	at org.h2.engine.Engine.createSessionAndValidate(Engine.java:171)
	at org.h2.engine.Engine.createSession(Engine.java:166)
	at org.h2.engine.Engine.createSession(Engine.java:29)
	at org.h2.engine.SessionRemote.connectEmbeddedOrServer(SessionRemote.java:340)
	at org.h2.jdbc.JdbcConnection.<init>(JdbcConnection.java:173)
	at org.h2.jdbc.JdbcConnection.<init>(JdbcConnection.java:152)
	at org.h2.Driver.connect(Driver.java:69)
	at com.zaxxer.hikari.util.DriverDataSource.getConnection(DriverDataSource.java:138)
	at com.zaxxer.hikari.pool.PoolBase.newConnection(PoolBase.java:358)
	at com.zaxxer.hikari.pool.PoolBase.newPoolEntry(PoolBase.java:206)
	at com.zaxxer.hikari.pool.HikariPool.createPoolEntry(HikariPool.java:477)
	at com.zaxxer.hikari.pool.HikariPool.checkFailFast(HikariPool.java:560)
	at com.zaxxer.hikari.pool.HikariPool.<init>(HikariPool.java:115)
	at com.zaxxer.hikari.HikariDataSource.getConnection(HikariDataSource.java:112)
	at org.hibernate.engine.jdbc.connections.internal.DatasourceConnectionProviderImpl.getConnection(DatasourceConnectionProviderImpl.java:122)
	at org.hibernate.engine.jdbc.env.internal.JdbcEnvironmentInitiator$ConnectionProviderJdbcConnectionAccess.obtainConnection(JdbcEnvironmentInitiator.java:180)
	at org.hibernate.resource.transaction.backend.jdbc.internal.DdlTransactionIsolatorNonJtaImpl.getIsolatedConnection(DdlTransactionIsolatorNonJtaImpl.java:43)
	at org.hibernate.tool.schema.internal.exec.ImprovedExtractionContextImpl.getJdbcConnection(ImprovedExtractionContextImpl.java:60)
	at org.hibernate.tool.schema.extract.internal.SequenceInformationExtractorLegacyImpl.extractMetadata(SequenceInformationExtractorLegacyImpl.java:40)
	at org.hibernate.tool.schema.extract.internal.DatabaseInformationImpl.initializeSequences(DatabaseInformationImpl.java:65)
	at org.hibernate.tool.schema.extract.internal.DatabaseInformationImpl.<init>(DatabaseInformationImpl.java:59)
	at org.hibernate.tool.schema.internal.Helper.buildDatabaseInformation(Helper.java:155)
	at org.hibernate.tool.schema.internal.AbstractSchemaMigrator.doMigration(AbstractSchemaMigrator.java:96)
	at org.hibernate.tool.schema.spi.SchemaManagementToolCoordinator.performDatabaseAction(SchemaManagementToolCoordinator.java:184)
	at org.hibernate.tool.schema.spi.SchemaManagementToolCoordinator.process(SchemaManagementToolCoordinator.java:73)
	at org.hibernate.internal.SessionFactoryImpl.<init>(SessionFactoryImpl.java:318)
	at org.hibernate.boot.internal.SessionFactoryBuilderImpl.build(SessionFactoryBuilderImpl.java:468)
	at org.hibernate.jpa.boot.internal.EntityManagerFactoryBuilderImpl.build(EntityManagerFactoryBuilderImpl.java:1259)
	at org.springframework.orm.jpa.vendor.SpringHibernateJpaPersistenceProvider.createContainerEntityManagerFactory(SpringHibernateJpaPersistenceProvider.java:58)
	at org.springframework.orm.jpa.LocalContainerEntityManagerFactoryBean.createNativeEntityManagerFactory(LocalContainerEntityManagerFactoryBean.java:365)
	at org.springframework.orm.jpa.AbstractEntityManagerFactoryBean.buildNativeEntityManagerFactory(AbstractEntityManagerFactoryBean.java:391)
	at org.springframework.orm.jpa.AbstractEntityManagerFactoryBean.afterPropertiesSet(AbstractEntityManagerFactoryBean.java:378)
	at org.springframework.orm.jpa.LocalContainerEntityManagerFactoryBean.afterPropertiesSet(LocalContainerEntityManagerFactoryBean.java:341)
	at org.springframework.beans.factory.support.AbstractAutowireCapableBeanFactory.invokeInitMethods(AbstractAutowireCapableBeanFactory.java:1858)
	at org.springframework.beans.factory.support.AbstractAutowireCapableBeanFactory.initializeBean(AbstractAutowireCapableBeanFactory.java:1795)
	at org.springframework.beans.factory.support.AbstractAutowireCapableBeanFactory.doCreateBean(AbstractAutowireCapableBeanFactory.java:594)
	at org.springframework.beans.factory.support.AbstractAutowireCapableBeanFactory.createBean(AbstractAutowireCapableBeanFactory.java:516)
	at org.springframework.beans.factory.support.AbstractBeanFactory.lambda$doGetBean$0(AbstractBeanFactory.java:324)
	at org.springframework.beans.factory.support.DefaultSingletonBeanRegistry.getSingleton(DefaultSingletonBeanRegistry.java:234)
	at org.springframework.beans.factory.support.AbstractBeanFactory.doGetBean(AbstractBeanFactory.java:322)
	at org.springframework.beans.factory.support.AbstractBeanFactory.getBean(AbstractBeanFactory.java:202)
	at org.springframework.context.support.AbstractApplicationContext.getBean(AbstractApplicationContext.java:1109)
	at org.springframework.context.support.AbstractApplicationContext.finishBeanFactoryInitialization(AbstractApplicationContext.java:869)
	at org.springframework.context.support.AbstractApplicationContext.refresh(AbstractApplicationContext.java:551)
	at org.springframework.boot.web.servlet.context.ServletWebServerApplicationContext.refresh(ServletWebServerApplicationContext.java:143)
	at org.springframework.boot.SpringApplication.refresh(SpringApplication.java:758)
	at org.springframework.boot.SpringApplication.refresh(SpringApplication.java:750)
	at org.springframework.boot.SpringApplication.refreshContext(SpringApplication.java:405)
	at org.springframework.boot.SpringApplication.run(SpringApplication.java:315)
	at org.springframework.boot.SpringApplication.run(SpringApplication.java:1237)
	at org.springframework.boot.SpringApplication.run(SpringApplication.java:1226)
	at com.pbs.tech.RootMain.main(RootMain.java:21)
	at java.base/jdk.internal.reflect.NativeMethodAccessorImpl.invoke0(Native Method)
	at java.base/jdk.internal.reflect.NativeMethodAccessorImpl.invoke(NativeMethodAccessorImpl.java:77)
	at java.base/jdk.internal.reflect.DelegatingMethodAccessorImpl.invoke(DelegatingMethodAccessorImpl.java:43)
	at java.base/java.lang.reflect.Method.invoke(Method.java:568)
	at org.springframework.boot.devtools.restart.RestartLauncher.run(RestartLauncher.java:49)
Caused by: java.lang.IllegalStateException: The file is locked: nio:/Users/helloabc/.ilenLatest.mv.db [1.4.200/7]
	at org.h2.mvstore.DataUtils.newIllegalStateException(DataUtils.java:950)
	at org.h2.mvstore.FileStore.open(FileStore.java:172)
	at org.h2.mvstore.MVStore.<init>(MVStore.java:381)
	at org.h2.mvstore.MVStore$Builder.open(MVStore.java:3579)
	at org.h2.mvstore.db.MVTableEngine$Store.open(MVTableEngine.java:170)
	... 64 common frames omitted
2024-08-01 15:52:35,770 WARN [org.hibernate.engine.jdbc.spi.SqlExceptionHelper:137] SQL Error: 90020, SQLState: 90020
2024-08-01 15:52:35,771 ERROR [org.hibernate.engine.jdbc.spi.SqlExceptionHelper:142] Database may be already in use: null. Possible solutions: close all other connection(s); use the server mode [90020-200]
2024-08-01 15:52:35,776 ERROR [org.springframework.orm.jpa.LocalContainerEntityManagerFactoryBean:408] Failed to initialize JPA EntityManagerFactory: [PersistenceUnit: default] Unable to build Hibernate SessionFactory; nested exception is org.hibernate.exception.JDBCConnectionException: Unable to open JDBC Connection for DDL execution
2024-08-01 15:52:35,777 WARN [org.springframework.boot.web.servlet.context.AnnotationConfigServletWebServerApplicationContext:559] Exception encountered during context initialization - cancelling refresh attempt: org.springframework.beans.factory.BeanCreationException: Error creating bean with name 'entityManagerFactory' defined in class path resource [org/springframework/boot/autoconfigure/orm/jpa/HibernateJpaConfiguration.class]: Invocation of init method failed; nested exception is javax.persistence.PersistenceException: [PersistenceUnit: default] Unable to build Hibernate SessionFactory; nested exception is org.hibernate.exception.JDBCConnectionException: Unable to open JDBC Connection for DDL execution
2024-08-01 15:52:35,780 INFO [org.apache.catalina.core.StandardService:173] Stopping service [Tomcat]
2024-08-01 15:52:35,793 INFO [org.springframework.boot.autoconfigure.logging.ConditionEvaluationReportLoggingListener:136] 

Error starting ApplicationContext. To display the conditions report re-run your application with 'debug' enabled.
2024-08-01 15:52:35,795 ERROR [org.springframework.boot.SpringApplication:837] Application run failed
org.springframework.beans.factory.BeanCreationException: Error creating bean with name 'entityManagerFactory' defined in class path resource [org/springframework/boot/autoconfigure/orm/jpa/HibernateJpaConfiguration.class]: Invocation of init method failed; nested exception is javax.persistence.PersistenceException: [PersistenceUnit: default] Unable to build Hibernate SessionFactory; nested exception is org.hibernate.exception.JDBCConnectionException: Unable to open JDBC Connection for DDL execution
	at org.springframework.beans.factory.support.AbstractAutowireCapableBeanFactory.initializeBean(AbstractAutowireCapableBeanFactory.java:1799)
	at org.springframework.beans.factory.support.AbstractAutowireCapableBeanFactory.doCreateBean(AbstractAutowireCapableBeanFactory.java:594)
	at org.springframework.beans.factory.support.AbstractAutowireCapableBeanFactory.createBean(AbstractAutowireCapableBeanFactory.java:516)
	at org.springframework.beans.factory.support.AbstractBeanFactory.lambda$doGetBean$0(AbstractBeanFactory.java:324)
	at org.springframework.beans.factory.support.DefaultSingletonBeanRegistry.getSingleton(DefaultSingletonBeanRegistry.java:234)
	at org.springframework.beans.factory.support.AbstractBeanFactory.doGetBean(AbstractBeanFactory.java:322)
	at org.springframework.beans.factory.support.AbstractBeanFactory.getBean(AbstractBeanFactory.java:202)
	at org.springframework.context.support.AbstractApplicationContext.getBean(AbstractApplicationContext.java:1109)
	at org.springframework.context.support.AbstractApplicationContext.finishBeanFactoryInitialization(AbstractApplicationContext.java:869)
	at org.springframework.context.support.AbstractApplicationContext.refresh(AbstractApplicationContext.java:551)
	at org.springframework.boot.web.servlet.context.ServletWebServerApplicationContext.refresh(ServletWebServerApplicationContext.java:143)
	at org.springframework.boot.SpringApplication.refresh(SpringApplication.java:758)
	at org.springframework.boot.SpringApplication.refresh(SpringApplication.java:750)
	at org.springframework.boot.SpringApplication.refreshContext(SpringApplication.java:405)
	at org.springframework.boot.SpringApplication.run(SpringApplication.java:315)
	at org.springframework.boot.SpringApplication.run(SpringApplication.java:1237)
	at org.springframework.boot.SpringApplication.run(SpringApplication.java:1226)
	at com.pbs.tech.RootMain.main(RootMain.java:21)
	at java.base/jdk.internal.reflect.NativeMethodAccessorImpl.invoke0(Native Method)
	at java.base/jdk.internal.reflect.NativeMethodAccessorImpl.invoke(NativeMethodAccessorImpl.java:77)
	at java.base/jdk.internal.reflect.DelegatingMethodAccessorImpl.invoke(DelegatingMethodAccessorImpl.java:43)
	at java.base/java.lang.reflect.Method.invoke(Method.java:568)
	at org.springframework.boot.devtools.restart.RestartLauncher.run(RestartLauncher.java:49)
Caused by: javax.persistence.PersistenceException: [PersistenceUnit: default] Unable to build Hibernate SessionFactory; nested exception is org.hibernate.exception.JDBCConnectionException: Unable to open JDBC Connection for DDL execution
	at org.springframework.orm.jpa.AbstractEntityManagerFactoryBean.buildNativeEntityManagerFactory(AbstractEntityManagerFactoryBean.java:403)
	at org.springframework.orm.jpa.AbstractEntityManagerFactoryBean.afterPropertiesSet(AbstractEntityManagerFactoryBean.java:378)
	at org.springframework.orm.jpa.LocalContainerEntityManagerFactoryBean.afterPropertiesSet(LocalContainerEntityManagerFactoryBean.java:341)
	at org.springframework.beans.factory.support.AbstractAutowireCapableBeanFactory.invokeInitMethods(AbstractAutowireCapableBeanFactory.java:1858)
	at org.springframework.beans.factory.support.AbstractAutowireCapableBeanFactory.initializeBean(AbstractAutowireCapableBeanFactory.java:1795)
	... 22 common frames omitted
Caused by: org.hibernate.exception.JDBCConnectionException: Unable to open JDBC Connection for DDL execution
	at org.hibernate.exception.internal.SQLExceptionTypeDelegate.convert(SQLExceptionTypeDelegate.java:48)
	at org.hibernate.exception.internal.StandardSQLExceptionConverter.convert(StandardSQLExceptionConverter.java:42)
	at org.hibernate.engine.jdbc.spi.SqlExceptionHelper.convert(SqlExceptionHelper.java:113)
	at org.hibernate.engine.jdbc.spi.SqlExceptionHelper.convert(SqlExceptionHelper.java:99)
	at org.hibernate.resource.transaction.backend.jdbc.internal.DdlTransactionIsolatorNonJtaImpl.getIsolatedConnection(DdlTransactionIsolatorNonJtaImpl.java:69)
	at org.hibernate.tool.schema.internal.exec.ImprovedExtractionContextImpl.getJdbcConnection(ImprovedExtractionContextImpl.java:60)
	at org.hibernate.tool.schema.extract.internal.SequenceInformationExtractorLegacyImpl.extractMetadata(SequenceInformationExtractorLegacyImpl.java:40)
	at org.hibernate.tool.schema.extract.internal.DatabaseInformationImpl.initializeSequences(DatabaseInformationImpl.java:65)
	at org.hibernate.tool.schema.extract.internal.DatabaseInformationImpl.<init>(DatabaseInformationImpl.java:59)
	at org.hibernate.tool.schema.internal.Helper.buildDatabaseInformation(Helper.java:155)
	at org.hibernate.tool.schema.internal.AbstractSchemaMigrator.doMigration(AbstractSchemaMigrator.java:96)
	at org.hibernate.tool.schema.spi.SchemaManagementToolCoordinator.performDatabaseAction(SchemaManagementToolCoordinator.java:184)
	at org.hibernate.tool.schema.spi.SchemaManagementToolCoordinator.process(SchemaManagementToolCoordinator.java:73)
	at org.hibernate.internal.SessionFactoryImpl.<init>(SessionFactoryImpl.java:318)
	at org.hibernate.boot.internal.SessionFactoryBuilderImpl.build(SessionFactoryBuilderImpl.java:468)
	at org.hibernate.jpa.boot.internal.EntityManagerFactoryBuilderImpl.build(EntityManagerFactoryBuilderImpl.java:1259)
	at org.springframework.orm.jpa.vendor.SpringHibernateJpaPersistenceProvider.createContainerEntityManagerFactory(SpringHibernateJpaPersistenceProvider.java:58)
	at org.springframework.orm.jpa.LocalContainerEntityManagerFactoryBean.createNativeEntityManagerFactory(LocalContainerEntityManagerFactoryBean.java:365)
	at org.springframework.orm.jpa.AbstractEntityManagerFactoryBean.buildNativeEntityManagerFactory(AbstractEntityManagerFactoryBean.java:391)
	... 26 common frames omitted
Caused by: org.h2.jdbc.JdbcSQLNonTransientConnectionException: Database may be already in use: null. Possible solutions: close all other connection(s); use the server mode [90020-200]
	at org.h2.message.DbException.getJdbcSQLException(DbException.java:622)
	at org.h2.message.DbException.getJdbcSQLException(DbException.java:429)
	at org.h2.message.DbException.get(DbException.java:194)
	at org.h2.mvstore.db.MVTableEngine$Store.convertIllegalStateException(MVTableEngine.java:206)
	at org.h2.mvstore.db.MVTableEngine$Store.open(MVTableEngine.java:182)
	at org.h2.mvstore.db.MVTableEngine.init(MVTableEngine.java:103)
	at org.h2.engine.Database.getPageStore(Database.java:2659)
	at org.h2.engine.Database.open(Database.java:675)
	at org.h2.engine.Database.openDatabase(Database.java:307)
	at org.h2.engine.Database.<init>(Database.java:301)
	at org.h2.engine.Engine.openSession(Engine.java:74)
	at org.h2.engine.Engine.openSession(Engine.java:192)
	at org.h2.engine.Engine.createSessionAndValidate(Engine.java:171)
	at org.h2.engine.Engine.createSession(Engine.java:166)
	at org.h2.engine.Engine.createSession(Engine.java:29)
	at org.h2.engine.SessionRemote.connectEmbeddedOrServer(SessionRemote.java:340)
	at org.h2.jdbc.JdbcConnection.<init>(JdbcConnection.java:173)
	at org.h2.jdbc.JdbcConnection.<init>(JdbcConnection.java:152)
	at org.h2.Driver.connect(Driver.java:69)
	at com.zaxxer.hikari.util.DriverDataSource.getConnection(DriverDataSource.java:138)
	at com.zaxxer.hikari.pool.PoolBase.newConnection(PoolBase.java:358)
	at com.zaxxer.hikari.pool.PoolBase.newPoolEntry(PoolBase.java:206)
	at com.zaxxer.hikari.pool.HikariPool.createPoolEntry(HikariPool.java:477)
	at com.zaxxer.hikari.pool.HikariPool.checkFailFast(HikariPool.java:560)
	at com.zaxxer.hikari.pool.HikariPool.<init>(HikariPool.java:115)
	at com.zaxxer.hikari.HikariDataSource.getConnection(HikariDataSource.java:112)
	at org.hibernate.engine.jdbc.connections.internal.DatasourceConnectionProviderImpl.getConnection(DatasourceConnectionProviderImpl.java:122)
	at org.hibernate.engine.jdbc.env.internal.JdbcEnvironmentInitiator$ConnectionProviderJdbcConnectionAccess.obtainConnection(JdbcEnvironmentInitiator.java:180)
	at org.hibernate.resource.transaction.backend.jdbc.internal.DdlTransactionIsolatorNonJtaImpl.getIsolatedConnection(DdlTransactionIsolatorNonJtaImpl.java:43)
	... 40 common frames omitted
Caused by: java.lang.IllegalStateException: The file is locked: nio:/Users/helloabc/.ilenLatest.mv.db [1.4.200/7]
	at org.h2.mvstore.DataUtils.newIllegalStateException(DataUtils.java:950)
	at org.h2.mvstore.FileStore.open(FileStore.java:172)
	at org.h2.mvstore.MVStore.<init>(MVStore.java:381)
	at org.h2.mvstore.MVStore$Builder.open(MVStore.java:3579)
	at org.h2.mvstore.db.MVTableEngine$Store.open(MVTableEngine.java:170)
	... 64 common frames omitted
